Arguments: 
  /usr/local/bin/node /usr/local/bin/yarn add history

PATH: 
  /Users/murashkoilya/opt/anaconda3/bin:/Users/murashkoilya/opt/anaconda3/condabin:/usr/local/bin:/usr/bin:/bin:/usr/sbin:/sbin:/Library/Apple/usr/bin

Yarn version: 
  1.22.19

Node version: 
  14.17.3

Platform: 
  darwin x64

Trace: 
  Error: https://registry.yarnpkg.com/@jest/expect-utils/-/expect-utils-29.0.3.tgz: Request failed "503 Service Unavailable"
      at ResponseError.ExtendableBuiltin (/usr/local/lib/node_modules/yarn/lib/cli.js:696:66)
      at new ResponseError (/usr/local/lib/node_modules/yarn/lib/cli.js:802:124)
      at Request.<anonymous> (/usr/local/lib/node_modules/yarn/lib/cli.js:66215:16)
      at Request.emit (events.js:375:28)
      at Request.module.exports.Request.onRequestResponse (/usr/local/lib/node_modules/yarn/lib/cli.js:141767:10)
      at ClientRequest.emit (events.js:375:28)
      at HTTPParser.parserOnIncomingClient (_http_client.js:647:27)
      at HTTPParser.parserOnHeadersComplete (_http_common.js:126:17)
      at HTTPParser.execute (<anonymous>)
      at TLSSocket.socketOnData (_http_client.js:515:22)

npm manifest: 
  {
    "name": "cv-generator",
    "version": "0.1.0",
    "private": true,
    "dependencies": {
      "@apollo/client": "^3.6.9",
      "@emotion/react": "^11.9.3",
      "@emotion/styled": "^11.9.3",
      "@mui/icons-material": "^5.8.4",
      "@mui/material": "^5.9.1",
      "@mui/x-date-pickers": "^5.0.0-beta.3",
      "@react-pdf/renderer": "^2.3.0",
      "date-fns": "^2.29.1",
      "graphql": "^16.6.0",
      "react": "^17.0.0",
      "react-dom": "^17.0.0",
      "react-hook-form": "^7.33.1",
      "react-router": "^6.3.0",
      "react-router-dom": "^6.3.0",
      "redux": "^4.2.0"
    },
    "scripts": {
      "start": "craco start",
      "build": "craco build",
      "test": "craco test",
      "eject": "craco eject",
      "lint": "eslint .",
      "lint:fix": "eslint --fix ."
    },
    "eslintConfig": {
      "extends": [
        "react-app",
        "react-app/jest"
      ]
    },
    "browserslist": {
      "production": [
        ">0.2%",
        "not dead",
        "not op_mini all"
      ],
      "development": [
        "last 1 chrome version",
        "last 1 firefox version",
        "last 1 safari version"
      ]
    },
    "devDependencies": {
      "@craco/craco": "^7.0.0-alpha.0",
      "@testing-library/jest-dom": "^5.16.4",
      "@testing-library/react": "^13.3.0",
      "@testing-library/user-event": "^14.4.3",
      "@types/jest": "^28.1.7",
      "@types/node": "^16.11.45",
      "@types/react": "^18.0.15",
      "@types/react-dom": "^18.0.6",
      "@typescript-eslint/eslint-plugin": "^5.31.0",
      "@typescript-eslint/parser": "^5.31.0",
      "assert": "^2.0.0",
      "browserify-zlib": "^0.2.0",
      "buffer": "^6.0.3",
      "eslint": "^8.21.0",
      "eslint-config-prettier": "^8.5.0",
      "eslint-plugin-import": "^2.26.0",
      "eslint-plugin-jsx-a11y": "^6.6.1",
      "eslint-plugin-prettier": "^4.2.1",
      "eslint-plugin-react": "^7.30.1",
      "eslint-plugin-react-hooks": "^4.6.0",
      "prettier": "^2.7.1",
      "process": "^0.11.10",
      "react-app-alias": "^2.2.1",
      "react-scripts": "^5.0.1",
      "stream-browserify": "^3.0.0",
      "ts-loader": "^9.3.1",
      "typescript": "^4.7.4",
      "util": "^0.12.4"
    }
  }

yarn manifest: 
  No manifest

Lockfile: 
  No lockfile
